<?xml version="1.0" encoding="UTF-8"?>
<testsuite name="com.example.demo.TaskServiceTest" tests="3" skipped="0" failures="0" errors="0" timestamp="2024-05-24T15:14:27" hostname="MBP-Matvej" time="0.223">
  <properties/>
  <testcase name="testAddTask()" classname="com.example.demo.TaskServiceTest" time="0.217"/>
  <testcase name="testGetAllTasks()" classname="com.example.demo.TaskServiceTest" time="0.001"/>
  <testcase name="testDeleteTask()" classname="com.example.demo.TaskServiceTest" time="0.003"/>
  <system-out><![CDATA[]]></system-out>
  <system-err><![CDATA[]]></system-err>
</testsuite>
